<?xml version="1.0" encoding="UTF-8"?>
<!-- Generated by org.testng.reporters.JUnitReportReporter -->
<testsuite hostname="DESKTOP-7B4PQ9R" failures="0" tests="3" name="demo.Ex" time="0.064" errors="0" timestamp="2023-12-20T13:08:44 IST" skipped="0">
  <testcase classname="demo.Ex" name="seacrhproduct" time="0.044"/>
  <system-out/>
  <testcase classname="demo.Ex" name="login" time="0.010"/>
  <system-out/>
  <testcase classname="demo.Ex" name="SearchCategorie" time="0.010"/>
  <system-out/>
</testsuite> <!-- demo.Ex -->
