<?xml version="1.0" encoding="UTF-8"?>
<!-- Generated by org.testng.reporters.JUnitReportReporter -->
<testsuite hostname="DESKTOP-7B4PQ9R" failures="0" tests="1" name="framesHandel.IframesExample" time="7.558" errors="0" timestamp="2023-12-21T11:59:45 IST" skipped="0">
  <testcase classname="framesHandel.IframesExample" name="NestedFrameNested" time="7.558"/>
  <system-out/>
</testsuite> <!-- framesHandel.IframesExample -->
